0 info it worked if it ends with ok
1 verbose cli [ '/home/v/.nvm/v0.11.16/bin/node',
1 verbose cli   '/home/v/.nvm/v0.11.16/bin/npm',
1 verbose cli   'run',
1 verbose cli   'dev' ]
2 info using npm@2.3.0
3 info using node@v0.11.16
4 verbose config Skipping project config: /home/v/.npmrc. (matches userconfig)
5 verbose stack Error: ENOENT, open '/home/v/package.json'
5 verbose stack     at Error (native)
6 verbose cwd /home/v/Projects/Opportunity House Projects/OHWeb
7 error Linux 4.15.0-42-generic
8 error argv "/home/v/.nvm/v0.11.16/bin/node" "/home/v/.nvm/v0.11.16/bin/npm" "run" "dev"
9 error node v0.11.16
10 error npm  v2.3.0
11 error path /home/v/package.json
12 error code ENOENT
13 error errno -2
14 error enoent ENOENT, open '/home/v/package.json'
14 error enoent This is most likely not a problem with npm itself
14 error enoent and is related to npm not being able to find a file.
15 verbose exit [ -2, true ]
